[2026-03-14T19:15:38] [INFO] === Iteration 1 ===
[2026-03-14T19:17:52] [INFO] ContextBuilder created brief for manager (933 tokens)
[2026-03-14T19:18:22] [INFO] Manager created 16 tasks
[2026-03-14T19:21:05] [INFO] ContextBuilder created brief for coder (1178 tokens)
[2026-03-14T19:21:58] [INFO] Coder wrote 6 files for task task_1
[2026-03-14T19:24:21] [INFO] ContextBuilder created brief for reviewer (972 tokens)
[2026-03-14T19:24:29] [INFO] Reviewer FAILED task task_1: BootScene.ts transitions to PreloadScene, but src/scenes/PreloadScene.ts does no...
[2026-03-14T19:24:30] [INFO] === Iteration 2 ===
[2026-03-14T19:26:36] [INFO] ContextBuilder created brief for coder (833 tokens)
[2026-03-14T19:27:00] [INFO] Coder wrote 2 files for task task_1
[2026-03-14T19:29:04] [INFO] ContextBuilder created brief for reviewer (787 tokens)
[2026-03-14T19:29:13] [INFO] Reviewer FAILED task task_1: FarmScene.ts is missing and referenced in PreloadScene.ts, causing a fatal runti...
[2026-03-14T19:29:14] [INFO] === Iteration 3 ===
[2026-03-14T19:31:11] [INFO] ContextBuilder created brief for coder (712 tokens)
[2026-03-14T19:31:19] [INFO] Coder wrote 1 files for task task_1
[2026-03-14T19:31:19] [INFO] Context too large (14446 tokens), using chunked summarization
[2026-03-14T19:31:19] [INFO] Split context into 2 chunks for summarization
[2026-03-14T19:33:49] [INFO] ContextBuilder created chunked brief for reviewer (782 tokens)
[2026-03-14T19:33:53] [INFO] Reviewer PASSED task task_1
[2026-03-14T19:33:54] [INFO] === Iteration 4 ===
[2026-03-14T19:33:54] [INFO] Context too large (14382 tokens), using chunked summarization
[2026-03-14T19:33:54] [INFO] Split context into 2 chunks for summarization
[2026-03-14T19:36:17] [INFO] ContextBuilder created chunked brief for coder (976 tokens)
[2026-03-14T19:36:44] [INFO] Coder wrote 1 files for task task_2
[2026-03-14T19:36:44] [INFO] Context too large (14727 tokens), using chunked summarization
[2026-03-14T19:36:44] [INFO] Split context into 2 chunks for summarization
[2026-03-14T19:38:42] [INFO] ContextBuilder created chunked brief for reviewer (805 tokens)
[2026-03-14T19:38:51] [INFO] Reviewer FAILED task task_2: Reducers are identity functions — no state mutations are implemented. The store ...
[2026-03-14T19:38:52] [INFO] === Iteration 5 ===
[2026-03-14T19:38:52] [INFO] Context too large (14834 tokens), using chunked summarization
[2026-03-14T19:38:52] [INFO] Split context into 2 chunks for summarization
[2026-03-14T19:41:32] [INFO] ContextBuilder created chunked brief for coder (1390 tokens)
[2026-03-14T19:42:31] [INFO] Coder wrote 4 files for task task_2
[2026-03-14T19:42:31] [INFO] Context too large (15287 tokens), using chunked summarization
[2026-03-14T19:42:31] [INFO] Split context into 2 chunks for summarization
[2026-03-14T19:45:04] [INFO] ContextBuilder created chunked brief for reviewer (987 tokens)
[2026-03-14T19:45:09] [INFO] Reviewer PASSED task task_2
